[2024-12-02T16:53:31.700+0000] {local_task_job_runner.py:123} INFO - ::group::Pre task execution logs
[2024-12-02T16:53:31.727+0000] {taskinstance.py:2613} INFO - Dependencies all met for dep_context=non-requeueable deps ti=<TaskInstance: weather_pipeline.fetch_weather manual__2024-12-02T16:53:20.737589+00:00 [queued]>
[2024-12-02T16:53:31.740+0000] {taskinstance.py:2613} INFO - Dependencies all met for dep_context=requeueable deps ti=<TaskInstance: weather_pipeline.fetch_weather manual__2024-12-02T16:53:20.737589+00:00 [queued]>
[2024-12-02T16:53:31.741+0000] {taskinstance.py:2866} INFO - Starting attempt 1 of 2
[2024-12-02T16:53:31.763+0000] {taskinstance.py:2889} INFO - Executing <Task(PythonOperator): fetch_weather> on 2024-12-02 16:53:20.737589+00:00
[2024-12-02T16:53:31.780+0000] {warnings.py:112} WARNING - /home/***/.local/lib/python3.12/site-packages/***/task/task_runner/standard_task_runner.py:70: DeprecationWarning: This process (pid=1455) is multi-threaded, use of fork() may lead to deadlocks in the child.
  pid = os.fork()

[2024-12-02T16:53:31.782+0000] {standard_task_runner.py:72} INFO - Started process 1457 to run task
[2024-12-02T16:53:31.783+0000] {standard_task_runner.py:104} INFO - Running: ['***', 'tasks', 'run', 'weather_pipeline', 'fetch_weather', 'manual__2024-12-02T16:53:20.737589+00:00', '--job-id', '5', '--raw', '--subdir', 'DAGS_FOLDER/lab5.py', '--cfg-path', '/tmp/tmp07t4vua4']
[2024-12-02T16:53:31.785+0000] {standard_task_runner.py:105} INFO - Job 5: Subtask fetch_weather
[2024-12-02T16:53:31.851+0000] {task_command.py:467} INFO - Running <TaskInstance: weather_pipeline.fetch_weather manual__2024-12-02T16:53:20.737589+00:00 [running]> on host 8d37795f4985
[2024-12-02T16:53:32.214+0000] {taskinstance.py:3132} INFO - Exporting env vars: AIRFLOW_CTX_DAG_EMAIL='brempong.dankwah@amalitech.com' AIRFLOW_CTX_DAG_OWNER='Brempong' AIRFLOW_CTX_DAG_ID='weather_pipeline' AIRFLOW_CTX_TASK_ID='fetch_weather' AIRFLOW_CTX_EXECUTION_DATE='2024-12-02T16:53:20.737589+00:00' AIRFLOW_CTX_TRY_NUMBER='1' AIRFLOW_CTX_DAG_RUN_ID='manual__2024-12-02T16:53:20.737589+00:00'
[2024-12-02T16:53:32.215+0000] {logging_mixin.py:190} INFO - Task instance is in running state
[2024-12-02T16:53:32.216+0000] {logging_mixin.py:190} INFO -  Previous state of the Task instance: queued
[2024-12-02T16:53:32.217+0000] {logging_mixin.py:190} INFO - Current task name:fetch_weather state:running start_date:2024-12-02 16:53:31.729379+00:00
[2024-12-02T16:53:32.217+0000] {logging_mixin.py:190} INFO - Dag name:weather_pipeline and current dag run status:running
[2024-12-02T16:53:32.218+0000] {taskinstance.py:731} INFO - ::endgroup::
[2024-12-02T16:53:32.643+0000] {python.py:240} INFO - Done. Returned value was: {'coord': {'lon': -122.6762, 'lat': 45.5234}, 'weather': [{'id': 803, 'main': 'Clouds', 'description': 'broken clouds', 'icon': '04d'}], 'base': 'stations', 'main': {'temp': 275.09, 'feels_like': 270.7, 'temp_min': 273.12, 'temp_max': 277.14, 'pressure': 1026, 'humidity': 85, 'sea_level': 1026, 'grnd_level': 1016}, 'visibility': 10000, 'wind': {'speed': 4.92, 'deg': 69, 'gust': 7.6}, 'clouds': {'all': 69}, 'dt': 1733158408, 'sys': {'type': 2, 'id': 2008548, 'country': 'US', 'sunrise': 1733153551, 'sunset': 1733185718}, 'timezone': -28800, 'id': 5746545, 'name': 'Portland', 'cod': 200}
[2024-12-02T16:53:32.736+0000] {taskinstance.py:340} INFO - ::group::Post task execution logs
[2024-12-02T16:53:32.737+0000] {taskinstance.py:352} INFO - Marking task as SUCCESS. dag_id=weather_pipeline, task_id=fetch_weather, run_id=manual__2024-12-02T16:53:20.737589+00:00, execution_date=20241202T165320, start_date=20241202T165331, end_date=20241202T165332
[2024-12-02T16:53:32.759+0000] {logging_mixin.py:190} INFO - Task instance in success state
[2024-12-02T16:53:32.760+0000] {logging_mixin.py:190} INFO -  Previous state of the Task instance: running
[2024-12-02T16:53:32.761+0000] {logging_mixin.py:190} INFO - Dag name:weather_pipeline queued_at:2024-12-02 16:53:20.767752+00:00
[2024-12-02T16:53:32.762+0000] {logging_mixin.py:190} INFO - Task hostname:8d37795f4985 operator:PythonOperator
[2024-12-02T16:53:32.803+0000] {local_task_job_runner.py:266} INFO - Task exited with return code 0
[2024-12-02T16:53:32.835+0000] {taskinstance.py:3895} INFO - 1 downstream tasks scheduled from follow-on schedule check
[2024-12-02T16:53:32.837+0000] {local_task_job_runner.py:245} INFO - ::endgroup::
