[2024-12-02T16:53:40.282+0000] {local_task_job_runner.py:123} INFO - ::group::Pre task execution logs
[2024-12-02T16:53:40.309+0000] {taskinstance.py:2613} INFO - Dependencies all met for dep_context=non-requeueable deps ti=<TaskInstance: weather_pipeline.load_weather_data manual__2024-12-02T16:53:20.737589+00:00 [queued]>
[2024-12-02T16:53:40.319+0000] {taskinstance.py:2613} INFO - Dependencies all met for dep_context=requeueable deps ti=<TaskInstance: weather_pipeline.load_weather_data manual__2024-12-02T16:53:20.737589+00:00 [queued]>
[2024-12-02T16:53:40.320+0000] {taskinstance.py:2866} INFO - Starting attempt 1 of 2
[2024-12-02T16:53:40.338+0000] {taskinstance.py:2889} INFO - Executing <Task(PythonOperator): load_weather_data> on 2024-12-02 16:53:20.737589+00:00
[2024-12-02T16:53:40.346+0000] {warnings.py:112} WARNING - /home/***/.local/lib/python3.12/site-packages/***/task/task_runner/standard_task_runner.py:70: DeprecationWarning: This process (pid=1470) is multi-threaded, use of fork() may lead to deadlocks in the child.
  pid = os.fork()

[2024-12-02T16:53:40.349+0000] {standard_task_runner.py:72} INFO - Started process 1472 to run task
[2024-12-02T16:53:40.349+0000] {standard_task_runner.py:104} INFO - Running: ['***', 'tasks', 'run', 'weather_pipeline', 'load_weather_data', 'manual__2024-12-02T16:53:20.737589+00:00', '--job-id', '7', '--raw', '--subdir', 'DAGS_FOLDER/lab5.py', '--cfg-path', '/tmp/tmpmq26h5r_']
[2024-12-02T16:53:40.352+0000] {standard_task_runner.py:105} INFO - Job 7: Subtask load_weather_data
[2024-12-02T16:53:40.413+0000] {task_command.py:467} INFO - Running <TaskInstance: weather_pipeline.load_weather_data manual__2024-12-02T16:53:20.737589+00:00 [running]> on host 8d37795f4985
[2024-12-02T16:53:40.750+0000] {taskinstance.py:3132} INFO - Exporting env vars: AIRFLOW_CTX_DAG_EMAIL='brempong.dankwah@amalitech.com' AIRFLOW_CTX_DAG_OWNER='Brempong' AIRFLOW_CTX_DAG_ID='weather_pipeline' AIRFLOW_CTX_TASK_ID='load_weather_data' AIRFLOW_CTX_EXECUTION_DATE='2024-12-02T16:53:20.737589+00:00' AIRFLOW_CTX_TRY_NUMBER='1' AIRFLOW_CTX_DAG_RUN_ID='manual__2024-12-02T16:53:20.737589+00:00'
[2024-12-02T16:53:40.751+0000] {logging_mixin.py:190} INFO - Task instance is in running state
[2024-12-02T16:53:40.752+0000] {logging_mixin.py:190} INFO -  Previous state of the Task instance: queued
[2024-12-02T16:53:40.753+0000] {logging_mixin.py:190} INFO - Current task name:load_weather_data state:running start_date:2024-12-02 16:53:40.309942+00:00
[2024-12-02T16:53:40.753+0000] {logging_mixin.py:190} INFO - Dag name:weather_pipeline and current dag run status:running
[2024-12-02T16:53:40.754+0000] {taskinstance.py:731} INFO - ::endgroup::
[2024-12-02T16:53:40.783+0000] {base.py:84} INFO - Retrieving connection 'postgres_local'
[2024-12-02T16:53:40.894+0000] {python.py:240} INFO - Done. Returned value was: None
[2024-12-02T16:53:40.911+0000] {taskinstance.py:340} INFO - ::group::Post task execution logs
[2024-12-02T16:53:40.912+0000] {taskinstance.py:352} INFO - Marking task as SUCCESS. dag_id=weather_pipeline, task_id=load_weather_data, run_id=manual__2024-12-02T16:53:20.737589+00:00, execution_date=20241202T165320, start_date=20241202T165340, end_date=20241202T165340
[2024-12-02T16:53:40.924+0000] {logging_mixin.py:190} INFO - Task instance in success state
[2024-12-02T16:53:40.925+0000] {logging_mixin.py:190} INFO -  Previous state of the Task instance: running
[2024-12-02T16:53:40.926+0000] {logging_mixin.py:190} INFO - Dag name:weather_pipeline queued_at:2024-12-02 16:53:20.767752+00:00
[2024-12-02T16:53:40.926+0000] {logging_mixin.py:190} INFO - Task hostname:8d37795f4985 operator:PythonOperator
[2024-12-02T16:53:40.966+0000] {local_task_job_runner.py:266} INFO - Task exited with return code 0
[2024-12-02T16:53:40.990+0000] {taskinstance.py:3895} INFO - 0 downstream tasks scheduled from follow-on schedule check
[2024-12-02T16:53:40.992+0000] {local_task_job_runner.py:245} INFO - ::endgroup::
