[2024-12-02T16:53:25.368+0000] {local_task_job_runner.py:123} INFO - ::group::Pre task execution logs
[2024-12-02T16:53:25.392+0000] {taskinstance.py:2613} INFO - Dependencies all met for dep_context=non-requeueable deps ti=<TaskInstance: weather_pipeline.check_weather_api_sensor manual__2024-12-02T16:53:20.737589+00:00 [queued]>
[2024-12-02T16:53:25.400+0000] {taskinstance.py:2613} INFO - Dependencies all met for dep_context=requeueable deps ti=<TaskInstance: weather_pipeline.check_weather_api_sensor manual__2024-12-02T16:53:20.737589+00:00 [queued]>
[2024-12-02T16:53:25.401+0000] {taskinstance.py:2866} INFO - Starting attempt 1 of 2
[2024-12-02T16:53:25.421+0000] {taskinstance.py:2889} INFO - Executing <Task(HttpSensor): check_weather_api_sensor> on 2024-12-02 16:53:20.737589+00:00
[2024-12-02T16:53:25.431+0000] {warnings.py:112} WARNING - /home/***/.local/lib/python3.12/site-packages/***/task/task_runner/standard_task_runner.py:70: DeprecationWarning: This process (pid=1451) is multi-threaded, use of fork() may lead to deadlocks in the child.
  pid = os.fork()

[2024-12-02T16:53:25.433+0000] {standard_task_runner.py:72} INFO - Started process 1453 to run task
[2024-12-02T16:53:25.433+0000] {standard_task_runner.py:104} INFO - Running: ['***', 'tasks', 'run', 'weather_pipeline', 'check_weather_api_sensor', 'manual__2024-12-02T16:53:20.737589+00:00', '--job-id', '4', '--raw', '--subdir', 'DAGS_FOLDER/lab5.py', '--cfg-path', '/tmp/tmptpkx1wdl']
[2024-12-02T16:53:25.435+0000] {standard_task_runner.py:105} INFO - Job 4: Subtask check_weather_api_sensor
[2024-12-02T16:53:25.509+0000] {task_command.py:467} INFO - Running <TaskInstance: weather_pipeline.check_weather_api_sensor manual__2024-12-02T16:53:20.737589+00:00 [running]> on host 8d37795f4985
[2024-12-02T16:53:25.979+0000] {taskinstance.py:3132} INFO - Exporting env vars: AIRFLOW_CTX_DAG_EMAIL='brempong.dankwah@amalitech.com' AIRFLOW_CTX_DAG_OWNER='Brempong' AIRFLOW_CTX_DAG_ID='weather_pipeline' AIRFLOW_CTX_TASK_ID='check_weather_api_sensor' AIRFLOW_CTX_EXECUTION_DATE='2024-12-02T16:53:20.737589+00:00' AIRFLOW_CTX_TRY_NUMBER='1' AIRFLOW_CTX_DAG_RUN_ID='manual__2024-12-02T16:53:20.737589+00:00'
[2024-12-02T16:53:25.980+0000] {logging_mixin.py:190} INFO - Task instance is in running state
[2024-12-02T16:53:25.981+0000] {logging_mixin.py:190} INFO -  Previous state of the Task instance: queued
[2024-12-02T16:53:25.982+0000] {logging_mixin.py:190} INFO - Current task name:check_weather_api_sensor state:running start_date:2024-12-02 16:53:25.393085+00:00
[2024-12-02T16:53:25.983+0000] {logging_mixin.py:190} INFO - Dag name:weather_pipeline and current dag run status:running
[2024-12-02T16:53:25.984+0000] {taskinstance.py:731} INFO - ::endgroup::
[2024-12-02T16:53:25.985+0000] {baseoperator.py:416} WARNING - HttpSensor.execute cannot be called outside TaskInstance!
[2024-12-02T16:53:25.987+0000] {http.py:137} INFO - Poking: data/2.5/weather?q=Portland&APPID=***
[2024-12-02T16:53:26.002+0000] {base.py:84} INFO - Retrieving connection 'weather_api'
[2024-12-02T16:53:28.411+0000] {base.py:336} INFO - Success criteria met. Exiting.
[2024-12-02T16:53:28.424+0000] {taskinstance.py:340} INFO - ::group::Post task execution logs
[2024-12-02T16:53:28.425+0000] {taskinstance.py:352} INFO - Marking task as SUCCESS. dag_id=weather_pipeline, task_id=check_weather_api_sensor, run_id=manual__2024-12-02T16:53:20.737589+00:00, execution_date=20241202T165320, start_date=20241202T165325, end_date=20241202T165328
[2024-12-02T16:53:28.438+0000] {logging_mixin.py:190} INFO - Task instance in success state
[2024-12-02T16:53:28.439+0000] {logging_mixin.py:190} INFO -  Previous state of the Task instance: running
[2024-12-02T16:53:28.440+0000] {logging_mixin.py:190} INFO - Dag name:weather_pipeline queued_at:2024-12-02 16:53:20.767752+00:00
[2024-12-02T16:53:28.440+0000] {logging_mixin.py:190} INFO - Task hostname:8d37795f4985 operator:HttpSensor
[2024-12-02T16:53:28.502+0000] {local_task_job_runner.py:266} INFO - Task exited with return code 0
[2024-12-02T16:53:28.541+0000] {taskinstance.py:3895} INFO - 1 downstream tasks scheduled from follow-on schedule check
[2024-12-02T16:53:28.543+0000] {local_task_job_runner.py:245} INFO - ::endgroup::
